0 info it worked if it ends with ok
1 verbose cli [ '/Users/shintaronakajima/.nodebrew/node/v6.2.2/bin/node',
1 verbose cli   '/Users/shintaronakajima/.nodebrew/current/bin/npm',
1 verbose cli   'start' ]
2 info using npm@3.9.5
3 info using node@v6.2.2
4 verbose run-script [ 'prestart', 'start', 'poststart' ]
5 info lifecycle weddingform@1.0.0~prestart: weddingform@1.0.0
6 silly lifecycle weddingform@1.0.0~prestart: no script for prestart, continuing
7 info lifecycle weddingform@1.0.0~start: weddingform@1.0.0
8 verbose lifecycle weddingform@1.0.0~start: unsafe-perm in lifecycle true
9 verbose lifecycle weddingform@1.0.0~start: PATH: /Users/shintaronakajima/.nodebrew/node/v6.2.2/lib/node_modules/npm/bin/node-gyp-bin:/Users/shintaronakajima/dev/wedding-form/node_modules/.bin:/Users/shintaronakajima/.nodebrew/node/v6.2.2/bin:/Users/shintaronakajima/google-cloud-sdk/bin:/Developer/NVIDIA/CUDA-8.0/bin:/Users/shintaronakajima/.pyenv/shims:/bin:/usr/local/Cellar/.pyenv/shims:/usr/local/bin:/Users/shintaronakajima/.nodebrew/current/bin:/Library/Frameworks/Python.framework/Versions/2.7/bin:/Users/shintaronakajima/.rbenv/shims:/Users/shintaronakajima/.rbenv/bin:/usr/local/bin:/usr/bin:/bin:/usr/sbin:/sbin:/Library/TeX/texbin:/opt/X11/bin:/usr/local/git/bin
10 verbose lifecycle weddingform@1.0.0~start: CWD: /Users/shintaronakajima/dev/wedding-form
11 silly lifecycle weddingform@1.0.0~start: Args: [ '-c',
11 silly lifecycle   'webpack-dev-server --config --watch --progress --colors' ]
12 silly lifecycle weddingform@1.0.0~start: Returned: code: 1  signal: null
13 info lifecycle weddingform@1.0.0~start: Failed to exec start script
14 verbose stack Error: weddingform@1.0.0 start: `webpack-dev-server --config --watch --progress --colors`
14 verbose stack Exit status 1
14 verbose stack     at EventEmitter.<anonymous> (/Users/shintaronakajima/.nodebrew/node/v6.2.2/lib/node_modules/npm/lib/utils/lifecycle.js:245:16)
14 verbose stack     at emitTwo (events.js:106:13)
14 verbose stack     at EventEmitter.emit (events.js:191:7)
14 verbose stack     at ChildProcess.<anonymous> (/Users/shintaronakajima/.nodebrew/node/v6.2.2/lib/node_modules/npm/lib/utils/spawn.js:24:14)
14 verbose stack     at emitTwo (events.js:106:13)
14 verbose stack     at ChildProcess.emit (events.js:191:7)
14 verbose stack     at maybeClose (internal/child_process.js:852:16)
14 verbose stack     at Process.ChildProcess._handle.onexit (internal/child_process.js:215:5)
15 verbose pkgid weddingform@1.0.0
16 verbose cwd /Users/shintaronakajima/dev/wedding-form
17 error Darwin 17.3.0
18 error argv "/Users/shintaronakajima/.nodebrew/node/v6.2.2/bin/node" "/Users/shintaronakajima/.nodebrew/current/bin/npm" "start"
19 error node v6.2.2
20 error npm  v3.9.5
21 error code ELIFECYCLE
22 error weddingform@1.0.0 start: `webpack-dev-server --config --watch --progress --colors`
22 error Exit status 1
23 error Failed at the weddingform@1.0.0 start script 'webpack-dev-server --config --watch --progress --colors'.
23 error Make sure you have the latest version of node.js and npm installed.
23 error If you do, this is most likely a problem with the weddingform package,
23 error not with npm itself.
23 error Tell the author that this fails on your system:
23 error     webpack-dev-server --config --watch --progress --colors
23 error You can get information on how to open an issue for this project with:
23 error     npm bugs weddingform
23 error Or if that isn't available, you can get their info via:
23 error     npm owner ls weddingform
23 error There is likely additional logging output above.
24 verbose exit [ 1, true ]
